This is pdfTeX, Version 3.141592653-2.6-1.40.24 (MiKTeX 22.12) (preloaded format=pdflatex 2023.1.15)  14 JUN 2024 23:39
entering extended mode
 restricted \write18 enabled.
 %&-line parsing enabled.
**./ProyectoFinal.tex
(ProyectoFinal.tex
LaTeX2e <2022-11-01> patch level 1
L3 programming layer <2022-12-17> (C:\Users\Leobardo\AppData\Local\Programs\MiK
TeX\tex/latex/base\article.cls
Document Class: article 2022/07/02 v1.4n Standard LaTeX document class
(C:\Users\Leobardo\AppData\Local\Programs\MiKTeX\tex/latex/base\size10.clo
File: size10.clo 2022/07/02 v1.4n Standard LaTeX file (size option)
)
\c@part=\count185
\c@section=\count186
\c@subsection=\count187
\c@subsubsection=\count188
\c@paragraph=\count189
\c@subparagraph=\count190
\c@figure=\count191
\c@table=\count192
\abovecaptionskip=\skip48
\belowcaptionskip=\skip49
\bibindent=\dimen140
) (C:\Users\Leobardo\AppData\Local\Programs\MiKTeX\tex/latex/amsmath\amsmath.st
y
Package: amsmath 2022/04/08 v2.17n AMS math features
\@mathmargin=\skip50
For additional information on amsmath, use the `?' option.
(C:\Users\Leobardo\AppData\Local\Programs\MiKTeX\tex/latex/amsmath\amstext.sty
Package: amstext 2021/08/26 v2.01 AMS text
(C:\Users\Leobardo\AppData\Local\Programs\MiKTeX\tex/latex/amsmath\amsgen.sty
File: amsgen.sty 1999/11/30 v2.0 generic functions
\@emptytoks=\toks16
\ex@=\dimen141
)) (C:\Users\Leobardo\AppData\Local\Programs\MiKTeX\tex/latex/amsmath\amsbsy.st
y
Package: amsbsy 1999/11/29 v1.2d Bold Symbols
\pmbraise@=\dimen142
) (C:\Users\Leobardo\AppData\Local\Programs\MiKTeX\tex/latex/amsmath\amsopn.sty
Package: amsopn 2022/04/08 v2.04 operator names
)
\inf@bad=\count193
LaTeX Info: Redefining \frac on input line 234.
\uproot@=\count194
\leftroot@=\count195
LaTeX Info: Redefining \overline on input line 399.
LaTeX Info: Redefining \colon on input line 410.
\classnum@=\count196
\DOTSCASE@=\count197
LaTeX Info: Redefining \ldots on input line 496.
LaTeX Info: Redefining \dots on input line 499.
LaTeX Info: Redefining \cdots on input line 620.
\Mathstrutbox@=\box51
\strutbox@=\box52
LaTeX Info: Redefining \big on input line 722.
LaTeX Info: Redefining \Big on input line 723.
LaTeX Info: Redefining \bigg on input line 724.
LaTeX Info: Redefining \Bigg on input line 725.
\big@size=\dimen143
LaTeX Font Info:    Redeclaring font encoding OML on input line 743.
LaTeX Font Info:    Redeclaring font encoding OMS on input line 744.
\macc@depth=\count198
LaTeX Info: Redefining \bmod on input line 905.
LaTeX Info: Redefining \pmod on input line 910.
LaTeX Info: Redefining \smash on input line 940.
LaTeX Info: Redefining \relbar on input line 970.
LaTeX Info: Redefining \Relbar on input line 971.
\c@MaxMatrixCols=\count199
\dotsspace@=\muskip16
\c@parentequation=\count266
\dspbrk@lvl=\count267
\tag@help=\toks17
\row@=\count268
\column@=\count269
\maxfields@=\count270
\andhelp@=\toks18
\eqnshift@=\dimen144
\alignsep@=\dimen145
\tagshift@=\dimen146
\tagwidth@=\dimen147
\totwidth@=\dimen148
\lineht@=\dimen149
\@envbody=\toks19
\multlinegap=\skip51
\multlinetaggap=\skip52
\mathdisplay@stack=\toks20
LaTeX Info: Redefining \[ on input line 2953.
LaTeX Info: Redefining \] on input line 2954.
)
(C:\Users\Leobardo\AppData\Local\Programs\MiKTeX\tex/latex/amsfonts\amssymb.sty
Package: amssymb 2013/01/14 v3.01 AMS font symbols

(C:\Users\Leobardo\AppData\Local\Programs\MiKTeX\tex/latex/amsfonts\amsfonts.st
y
Package: amsfonts 2013/01/14 v3.01 Basic AMSFonts support
\symAMSa=\mathgroup4
\symAMSb=\mathgroup5
LaTeX Font Info:    Redeclaring math symbol \hbar on input line 98.
LaTeX Font Info:    Overwriting math alphabet `\mathfrak' in version `bold'
(Font)                  U/euf/m/n --> U/euf/b/n on input line 106.
)) (C:\Users\Leobardo\AppData\Local\Programs\MiKTeX\tex/generic/iftex\iftex.sty
Package: iftex 2022/02/03 v1.0f TeX engine tests
) (C:\Users\Leobardo\AppData\Local\Programs\MiKTeX\tex/latex/base\fontenc.sty
Package: fontenc 2021/04/29 v2.0v Standard LaTeX package
) (C:\Users\Leobardo\AppData\Local\Programs\MiKTeX\tex/latex/base\inputenc.sty
Package: inputenc 2021/02/14 v1.3d Input encoding file
\inpenc@prehook=\toks21
\inpenc@posthook=\toks22
) (C:\Users\Leobardo\AppData\Local\Programs\MiKTeX\tex/latex/base\textcomp.sty
Package: textcomp 2020/02/02 v2.0n Standard LaTeX package
) (C:\Users\Leobardo\AppData\Local\Programs\MiKTeX\tex/latex/lm\lmodern.sty
Package: lmodern 2015/05/01 v1.6.1 Latin Modern Fonts
LaTeX Font Info:    Overwriting symbol font `operators' in version `normal'
(Font)                  OT1/cmr/m/n --> OT1/lmr/m/n on input line 22.
LaTeX Font Info:    Overwriting symbol font `letters' in version `normal'
(Font)                  OML/cmm/m/it --> OML/lmm/m/it on input line 23.
LaTeX Font Info:    Overwriting symbol font `symbols' in version `normal'
(Font)                  OMS/cmsy/m/n --> OMS/lmsy/m/n on input line 24.
LaTeX Font Info:    Overwriting symbol font `largesymbols' in version `normal'
(Font)                  OMX/cmex/m/n --> OMX/lmex/m/n on input line 25.
LaTeX Font Info:    Overwriting symbol font `operators' in version `bold'
(Font)                  OT1/cmr/bx/n --> OT1/lmr/bx/n on input line 26.
LaTeX Font Info:    Overwriting symbol font `letters' in version `bold'
(Font)                  OML/cmm/b/it --> OML/lmm/b/it on input line 27.
LaTeX Font Info:    Overwriting symbol font `symbols' in version `bold'
(Font)                  OMS/cmsy/b/n --> OMS/lmsy/b/n on input line 28.
LaTeX Font Info:    Overwriting symbol font `largesymbols' in version `bold'
(Font)                  OMX/cmex/m/n --> OMX/lmex/m/n on input line 29.
LaTeX Font Info:    Overwriting math alphabet `\mathbf' in version `normal'
(Font)                  OT1/cmr/bx/n --> OT1/lmr/bx/n on input line 31.
LaTeX Font Info:    Overwriting math alphabet `\mathsf' in version `normal'
(Font)                  OT1/cmss/m/n --> OT1/lmss/m/n on input line 32.
LaTeX Font Info:    Overwriting math alphabet `\mathit' in version `normal'
(Font)                  OT1/cmr/m/it --> OT1/lmr/m/it on input line 33.
LaTeX Font Info:    Overwriting math alphabet `\mathtt' in version `normal'
(Font)                  OT1/cmtt/m/n --> OT1/lmtt/m/n on input line 34.
LaTeX Font Info:    Overwriting math alphabet `\mathbf' in version `bold'
(Font)                  OT1/cmr/bx/n --> OT1/lmr/bx/n on input line 35.
LaTeX Font Info:    Overwriting math alphabet `\mathsf' in version `bold'
(Font)                  OT1/cmss/bx/n --> OT1/lmss/bx/n on input line 36.
LaTeX Font Info:    Overwriting math alphabet `\mathit' in version `bold'
(Font)                  OT1/cmr/bx/it --> OT1/lmr/bx/it on input line 37.
LaTeX Font Info:    Overwriting math alphabet `\mathtt' in version `bold'
(Font)                  OT1/cmtt/m/n --> OT1/lmtt/m/n on input line 38.
) (C:\Users\Leobardo\AppData\Local\Programs\MiKTeX\tex/latex/upquote\upquote.st
y
Package: upquote 2012/04/19 v1.3 upright-quote and grave-accent glyphs in verba
tim
)
(C:\Users\Leobardo\AppData\Local\Programs\MiKTeX\tex/latex/microtype\microtype.
sty
Package: microtype 2022/06/23 v3.0f Micro-typographical refinements (RS)
(C:\Users\Leobardo\AppData\Local\Programs\MiKTeX\tex/latex/graphics\keyval.sty
Package: keyval 2022/05/29 v1.15 key=value parser (DPC)
\KV@toks@=\toks23
)
(C:\Users\Leobardo\AppData\Local\Programs\MiKTeX\tex/latex/etoolbox\etoolbox.st
y
Package: etoolbox 2020/10/05 v2.5k e-TeX tools for LaTeX (JAW)
\etb@tempcnta=\count271
)
\MT@toks=\toks24
\MT@tempbox=\box53
\MT@count=\count272
LaTeX Info: Redefining \noprotrusionifhmode on input line 1045.
LaTeX Info: Redefining \leftprotrusion on input line 1046.
LaTeX Info: Redefining \rightprotrusion on input line 1056.
LaTeX Info: Redefining \textls on input line 1234.
\MT@outer@kern=\dimen150
LaTeX Info: Redefining \textmicrotypecontext on input line 1858.
\MT@listname@count=\count273

(C:\Users\Leobardo\AppData\Local\Programs\MiKTeX\tex/latex/microtype\microtype-
pdftex.def
File: microtype-pdftex.def 2022/06/23 v3.0f Definitions specific to pdftex (RS)

LaTeX Info: Redefining \lsstyle on input line 900.
LaTeX Info: Redefining \lslig on input line 900.
\MT@outer@space=\skip53
)
Package microtype Info: Loading configuration file microtype.cfg.

(C:\Users\Leobardo\AppData\Local\Programs\MiKTeX\tex/latex/microtype\microtype.
cfg
File: microtype.cfg 2022/06/23 v3.0f microtype main configuration file (RS)
)) (C:\Users\Leobardo\AppData\Local\Programs\MiKTeX\tex/latex/parskip\parskip.s
ty
Package: parskip 2021-03-14 v2.0h non-zero parskip adjustments

(C:\Users\Leobardo\AppData\Local\Programs\MiKTeX\tex/latex/kvoptions\kvoptions.
sty
Package: kvoptions 2022-06-15 v3.15 Key value format for package options (HO)

(C:\Users\Leobardo\AppData\Local\Programs\MiKTeX\tex/generic/ltxcmds\ltxcmds.st
y
Package: ltxcmds 2020-05-10 v1.25 LaTeX kernel commands for general use (HO)
)
(C:\Users\Leobardo\AppData\Local\Programs\MiKTeX\tex/latex/kvsetkeys\kvsetkeys.
sty
Package: kvsetkeys 2022-10-05 v1.19 Key value parser (HO)
))) (C:\Users\Leobardo\AppData\Local\Programs\MiKTeX\tex/latex/xcolor\xcolor.st
y
Package: xcolor 2022/06/12 v2.14 LaTeX color extensions (UK)

(C:\Users\Leobardo\AppData\Local\Programs\MiKTeX\tex/latex/graphics-cfg\color.c
fg
File: color.cfg 2016/01/02 v1.6 sample color configuration
)
Package xcolor Info: Driver file: pdftex.def on input line 227.

(C:\Users\Leobardo\AppData\Local\Programs\MiKTeX\tex/latex/graphics-def\pdftex.
def
File: pdftex.def 2022/09/22 v1.2b Graphics/color driver for pdftex
)
(C:\Users\Leobardo\AppData\Local\Programs\MiKTeX\tex/latex/graphics\mathcolor.l
tx)
Package xcolor Info: Model `cmy' substituted by `cmy0' on input line 1353.
Package xcolor Info: Model `hsb' substituted by `rgb' on input line 1357.
Package xcolor Info: Model `RGB' extended on input line 1369.
Package xcolor Info: Model `HTML' substituted by `rgb' on input line 1371.
Package xcolor Info: Model `Hsb' substituted by `hsb' on input line 1372.
Package xcolor Info: Model `tHsb' substituted by `hsb' on input line 1373.
Package xcolor Info: Model `HSB' substituted by `hsb' on input line 1374.
Package xcolor Info: Model `Gray' substituted by `gray' on input line 1375.
Package xcolor Info: Model `wave' substituted by `hsb' on input line 1376.
)
(C:\Users\Leobardo\AppData\Local\Programs\MiKTeX\tex/latex/geometry\geometry.st
y
Package: geometry 2020/01/02 v5.9 Page Geometry
(C:\Users\Leobardo\AppData\Local\Programs\MiKTeX\tex/generic/iftex\ifvtex.sty
Package: ifvtex 2019/10/25 v1.7 ifvtex legacy package. Use iftex instead.
)
\Gm@cnth=\count274
\Gm@cntv=\count275
\c@Gm@tempcnt=\count276
\Gm@bindingoffset=\dimen151
\Gm@wd@mp=\dimen152
\Gm@odd@mp=\dimen153
\Gm@even@mp=\dimen154
\Gm@layoutwidth=\dimen155
\Gm@layoutheight=\dimen156
\Gm@layouthoffset=\dimen157
\Gm@layoutvoffset=\dimen158
\Gm@dimlist=\toks25

(C:\Users\Leobardo\AppData\Local\Programs\MiKTeX\tex/latex/geometry\geometry.cf
g)) (C:\Users\Leobardo\AppData\Local\Programs\MiKTeX\tex/latex/tools\longtable.
sty
Package: longtable 2021-09-01 v4.17 Multi-page Table package (DPC)
\LTleft=\skip54
\LTright=\skip55
\LTpre=\skip56
\LTpost=\skip57
\LTchunksize=\count277
\LTcapwidth=\dimen159
\LT@head=\box54
\LT@firsthead=\box55
\LT@foot=\box56
\LT@lastfoot=\box57
\LT@gbox=\box58
\LT@cols=\count278
\LT@rows=\count279
\c@LT@tables=\count280
\c@LT@chunks=\count281
\LT@p@ftn=\toks26
)
(C:\Users\Leobardo\AppData\Local\Programs\MiKTeX\tex/latex/booktabs\booktabs.st
y
Package: booktabs 2020/01/12 v1.61803398 Publication quality tables
\heavyrulewidth=\dimen160
\lightrulewidth=\dimen161
\cmidrulewidth=\dimen162
\belowrulesep=\dimen163
\belowbottomsep=\dimen164
\aboverulesep=\dimen165
\abovetopsep=\dimen166
\cmidrulesep=\dimen167
\cmidrulekern=\dimen168
\defaultaddspace=\dimen169
\@cmidla=\count282
\@cmidlb=\count283
\@aboverulesep=\dimen170
\@belowrulesep=\dimen171
\@thisruleclass=\count284
\@lastruleclass=\count285
\@thisrulewidth=\dimen172
) (C:\Users\Leobardo\AppData\Local\Programs\MiKTeX\tex/latex/tools\array.sty
Package: array 2022/03/10 v2.5f Tabular extension package (FMi)
\col@sep=\dimen173
\ar@mcellbox=\box59
\extrarowheight=\dimen174
\NC@list=\toks27
\extratabsurround=\skip58
\backup@length=\skip59
\ar@cellbox=\box60
) (C:\Users\Leobardo\AppData\Local\Programs\MiKTeX\tex/latex/tools\calc.sty
Package: calc 2017/05/25 v4.3 Infix arithmetic (KKT,FJ)
\calc@Acount=\count286
\calc@Bcount=\count287
\calc@Adimen=\dimen175
\calc@Bdimen=\dimen176
\calc@Askip=\skip60
\calc@Bskip=\skip61
LaTeX Info: Redefining \setlength on input line 80.
LaTeX Info: Redefining \addtolength on input line 81.
\calc@Ccount=\count288
\calc@Cskip=\skip62
)
(C:\Users\Leobardo\AppData\Local\Programs\MiKTeX\tex/latex/footnotehyper\footno
tehyper.sty
Package: footnotehyper 2021/08/13 v1.1e hyperref aware footnote.sty (JFB)
\FNH@notes=\box61
\FNH@width=\dimen177
\FNH@toks=\toks28
)
(C:\Users\Leobardo\AppData\Local\Programs\MiKTeX\tex/latex/graphics\graphicx.st
y
Package: graphicx 2021/09/16 v1.2d Enhanced LaTeX Graphics (DPC,SPQR)

(C:\Users\Leobardo\AppData\Local\Programs\MiKTeX\tex/latex/graphics\graphics.st
y
Package: graphics 2022/03/10 v1.4e Standard LaTeX Graphics (DPC,SPQR)
(C:\Users\Leobardo\AppData\Local\Programs\MiKTeX\tex/latex/graphics\trig.sty
Package: trig 2021/08/11 v1.11 sin cos tan (DPC)
)
(C:\Users\Leobardo\AppData\Local\Programs\MiKTeX\tex/latex/graphics-cfg\graphic
s.cfg
File: graphics.cfg 2016/06/04 v1.11 sample graphics configuration
)
Package graphics Info: Driver file: pdftex.def on input line 107.
)
\Gin@req@height=\dimen178
\Gin@req@width=\dimen179
)
\cslhangindent=\skip63
\csllabelwidth=\skip64
(C:\Users\Leobardo\AppData\Local\Programs\MiKTeX\tex/latex/caption\caption.sty
Package: caption 2022/03/01 v3.6b Customizing captions (AR)

(C:\Users\Leobardo\AppData\Local\Programs\MiKTeX\tex/latex/caption\caption3.sty
Package: caption3 2022/03/17 v2.3b caption3 kernel (AR)
\caption@tempdima=\dimen180
\captionmargin=\dimen181
\caption@leftmargin=\dimen182
\caption@rightmargin=\dimen183
\caption@width=\dimen184
\caption@indent=\dimen185
\caption@parindent=\dimen186
\caption@hangindent=\dimen187
Package caption Info: Standard document class detected.
)
\c@caption@flags=\count289
\c@continuedfloat=\count290
Package caption Info: longtable package is loaded.

(C:\Users\Leobardo\AppData\Local\Programs\MiKTeX\tex/latex/caption\ltcaption.st
y
Package: ltcaption 2021/01/08 v1.4c longtable captions (AR)
)) (C:\Users\Leobardo\AppData\Local\Programs\MiKTeX\tex/generic/babel\babel.sty
Package: babel 2022/12/26 3.84 The Babel package
\babel@savecnt=\count291
\U@D=\dimen188
\l@unhyphenated=\language79

(C:\Users\Leobardo\AppData\Local\Programs\MiKTeX\tex/generic/babel\txtbabel.def
)
\bbl@readstream=\read2
\bbl@dirlevel=\count292
*************************************
* Local config file bblopts.cfg used
*
(C:\Users\Leobardo\AppData\Local\Programs\MiKTeX\tex/latex/arabi\bblopts.cfg
File: bblopts.cfg 2005/09/08 v0.1 add Arabic and Farsi to "declared" options of
 babel
)
(C:\Users\Leobardo\AppData\Local\Programs\MiKTeX\tex/latex/babel-spanish\spanis
h.ldf
Language: spanish.ldf 2021/05/27 v5.0q Spanish support from the babel system
\es@quottoks=\toks29
\es@quotdepth=\count293
Package babel Info: Making " an active character on input line 570.
))
(C:\Users\Leobardo\AppData\Local\Programs\MiKTeX\tex/generic/babel/locale/es\ba
bel-spanish.tex
Package babel Info: Importing font and identification data for spanish
(babel)             from babel-es.ini. Reported on input line 11.
)
(C:\Users\Leobardo\AppData\Local\Programs\MiKTeX\tex/latex/multirow\multirow.st
y
Package: multirow 2021/03/15 v2.8 Span multiple rows of a table
\multirow@colwidth=\skip65
\multirow@cntb=\count294
\multirow@dima=\skip66
\bigstrutjot=\dimen189
)
(C:\Users\Leobardo\AppData\Local\Programs\MiKTeX\tex/latex/graphics\rotating.st
y
Package: rotating 2016/08/11 v2.16d rotated objects in LaTeX
(C:\Users\Leobardo\AppData\Local\Programs\MiKTeX\tex/latex/base\ifthen.sty
Package: ifthen 2022/04/13 v1.1d Standard LaTeX ifthen package (DPC)
)
\c@r@tfl@t=\count295
\rotFPtop=\skip67
\rotFPbot=\skip68
\rot@float@box=\box62
\rot@mess@toks=\toks30
) (C:\Users\Leobardo\AppData\Local\Programs\MiKTeX\tex/latex/tools\dcolumn.sty
Package: dcolumn 2014/10/28 v1.06 decimal alignment package (DPC)
) (C:\Users\Leobardo\AppData\Local\Programs\MiKTeX\tex/latex/tools\tabularx.sty
Package: tabularx 2020/01/15 v2.11c `tabularx' package (DPC)
\TX@col@width=\dimen190
\TX@old@table=\dimen191
\TX@old@col=\dimen192
\TX@target=\dimen193
\TX@delta=\dimen194
\TX@cols=\count296
\TX@ftn=\toks31
) (C:\Users\Leobardo\AppData\Local\Programs\MiKTeX\tex/latex/wrapfig\wrapfig.st
y
\wrapoverhang=\dimen195
\WF@size=\dimen196
\c@WF@wrappedlines=\count297
\WF@box=\box63
\WF@everypar=\toks32
Package: wrapfig 2003/01/31  v 3.6
) (C:\Users\Leobardo\AppData\Local\Programs\MiKTeX\tex/latex/float\float.sty
Package: float 2001/11/08 v1.3d Float enhancements (AL)
\c@float@type=\count298
\float@exts=\toks33
\float@box=\box64
\@float@everytoks=\toks34
\@floatcapt=\box65
)
(C:\Users\Leobardo\AppData\Local\Programs\MiKTeX\tex/latex/colortbl\colortbl.st
y
Package: colortbl 2022/06/20 v1.0f Color table columns (DPC)
\everycr=\toks35
\minrowclearance=\skip69
\rownum=\count299
)
(C:\Users\Leobardo\AppData\Local\Programs\MiKTeX\tex/latex/pdflscape\pdflscape.
sty
Package: pdflscape 2022-10-27 v0.13 Display of landscape pages in PDF

(C:\Users\Leobardo\AppData\Local\Programs\MiKTeX\tex/latex/pdflscape\pdflscape-
nometadata.sty
Package: pdflscape-nometadata 2022-10-28 v0.13 Display of landscape pages in PD
F (HO)
(C:\Users\Leobardo\AppData\Local\Programs\MiKTeX\tex/latex/graphics\lscape.sty
Package: lscape 2020/05/28 v3.02 Landscape Pages (DPC)
)
Package pdflscape Info: Auto-detected driver: pdftex on input line 81.
)) (C:\Users\Leobardo\AppData\Local\Programs\MiKTeX\tex/latex/tabu\tabu.sty
Package: tabu 2019/01/11 v2.9 - flexible LaTeX tabulars (FC+tabu-fixed)

(C:\Users\Leobardo\AppData\Local\Programs\MiKTeX\tex/latex/varwidth\varwidth.st
y
Package: varwidth 2009/03/30 ver 0.92;  Variable-width minipages
\@vwid@box=\box66
\sift@deathcycles=\count300
\@vwid@loff=\dimen197
\@vwid@roff=\dimen198
)
\c@taburow=\count301
\tabu@nbcols=\count302
\tabu@cnt=\count303
\tabu@Xcol=\count304
\tabu@alloc=\count305
\tabu@nested=\count306
\tabu@target=\dimen199
\tabu@spreadtarget=\dimen256
\tabu@naturalX=\dimen257
\tabucolX=\dimen258
\tabu@Xsum=\dimen259
\extrarowdepth=\dimen260
\abovetabulinesep=\dimen261
\belowtabulinesep=\dimen262
\tabustrutrule=\dimen263
\tabu@thebody=\toks36
\tabu@footnotes=\toks37
\tabu@box=\box67
\tabu@arstrutbox=\box68
\tabu@hleads=\box69
\tabu@vleads=\box70
\tabu@cellskip=\skip70
)
(C:\Users\Leobardo\AppData\Local\Programs\MiKTeX\tex/latex/threeparttable\three
parttable.sty
Package: threeparttable 2003/06/13  v 3.0
\@tempboxb=\box71
)
(C:\Users\Leobardo\AppData\Local\Programs\MiKTeX\tex/latex/threeparttablex\thre
eparttablex.sty
Package: threeparttablex 2013/07/23 v0.3 by daleif
(C:\Users\Leobardo\AppData\Local\Programs\MiKTeX\tex/latex/environ\environ.sty
Package: environ 2014/05/04 v0.3 A new way to define environments

(C:\Users\Leobardo\AppData\Local\Programs\MiKTeX\tex/latex/trimspaces\trimspace
s.sty
Package: trimspaces 2009/09/17 v1.1 Trim spaces around a token list
))
\TPTL@width=\skip71
) (C:\Users\Leobardo\AppData\Local\Programs\MiKTeX\tex/latex/ulem\ulem.sty
\UL@box=\box72
\UL@hyphenbox=\box73
\UL@skip=\skip72
\UL@hook=\toks38
\UL@height=\dimen264
\UL@pe=\count307
\UL@pixel=\dimen265
\ULC@box=\box74
Package: ulem 2019/11/18
\ULdepth=\dimen266
)
(C:\Users\Leobardo\AppData\Local\Programs\MiKTeX\tex/latex/makecell\makecell.st
y
Package: makecell 2009/08/03 V0.1e Managing of Tab Column Heads and Cells
\rotheadsize=\dimen267
\c@nlinenum=\count308
\TeXr@lab=\toks39
)
(C:\Users\Leobardo\AppData\Local\Programs\MiKTeX\tex/latex/bookmark\bookmark.st
y
Package: bookmark 2020-11-06 v1.29 PDF bookmarks (HO)

(C:\Users\Leobardo\AppData\Local\Programs\MiKTeX\tex/latex/hyperref\hyperref.st
y
Package: hyperref 2022-11-13 v7.00u Hypertext links for LaTeX

(C:\Users\Leobardo\AppData\Local\Programs\MiKTeX\tex/generic/pdftexcmds\pdftexc
mds.sty
Package: pdftexcmds 2020-06-27 v0.33 Utility functions of pdfTeX for LuaTeX (HO
)

(C:\Users\Leobardo\AppData\Local\Programs\MiKTeX\tex/generic/infwarerr\infwarer
r.sty
Package: infwarerr 2019/12/03 v1.5 Providing info/warning/error messages (HO)
)
Package pdftexcmds Info: \pdf@primitive is available.
Package pdftexcmds Info: \pdf@ifprimitive is available.
Package pdftexcmds Info: \pdfdraftmode found.
)
(C:\Users\Leobardo\AppData\Local\Programs\MiKTeX\tex/generic/kvdefinekeys\kvdef
inekeys.sty
Package: kvdefinekeys 2019-12-19 v1.6 Define keys (HO)
)
(C:\Users\Leobardo\AppData\Local\Programs\MiKTeX\tex/generic/pdfescape\pdfescap
e.sty
Package: pdfescape 2019/12/09 v1.15 Implements pdfTeX's escape features (HO)
) (C:\Users\Leobardo\AppData\Local\Programs\MiKTeX\tex/latex/hycolor\hycolor.st
y
Package: hycolor 2020-01-27 v1.10 Color options for hyperref/bookmark (HO)
)
(C:\Users\Leobardo\AppData\Local\Programs\MiKTeX\tex/latex/letltxmacro\letltxma
cro.sty
Package: letltxmacro 2019/12/03 v1.6 Let assignment for LaTeX macros (HO)
) (C:\Users\Leobardo\AppData\Local\Programs\MiKTeX\tex/latex/auxhook\auxhook.st
y
Package: auxhook 2019-12-17 v1.6 Hooks for auxiliary files (HO)
)
(C:\Users\Leobardo\AppData\Local\Programs\MiKTeX\tex/latex/hyperref\nameref.sty
Package: nameref 2022-05-17 v2.50 Cross-referencing by name of section

(C:\Users\Leobardo\AppData\Local\Programs\MiKTeX\tex/latex/refcount\refcount.st
y
Package: refcount 2019/12/15 v3.6 Data extraction from label references (HO)
)
(C:\Users\Leobardo\AppData\Local\Programs\MiKTeX\tex/generic/gettitlestring\get
titlestring.sty
Package: gettitlestring 2019/12/15 v1.6 Cleanup title references (HO)
)
\c@section@level=\count309
)
\@linkdim=\dimen268
\Hy@linkcounter=\count310
\Hy@pagecounter=\count311
(C:\Users\Leobardo\AppData\Local\Programs\MiKTeX\tex/latex/hyperref\pd1enc.def
File: pd1enc.def 2022-11-13 v7.00u Hyperref: PDFDocEncoding definition (HO)
Now handling font encoding PD1 ...
... no UTF-8 mapping file for font encoding PD1
)
(C:\Users\Leobardo\AppData\Local\Programs\MiKTeX\tex/generic/intcalc\intcalc.st
y
Package: intcalc 2019/12/15 v1.3 Expandable calculations with integers (HO)
)
(C:\Users\Leobardo\AppData\Local\Programs\MiKTeX\tex/generic/etexcmds\etexcmds.
sty
Package: etexcmds 2019/12/15 v1.7 Avoid name clashes with e-TeX commands (HO)
)
\Hy@SavedSpaceFactor=\count312
(C:\Users\Leobardo\AppData\Local\Programs\MiKTeX\tex/latex/hyperref\puenc.def
File: puenc.def 2022-11-13 v7.00u Hyperref: PDF Unicode definition (HO)
Now handling font encoding PU ...
... no UTF-8 mapping file for font encoding PU
)
Package hyperref Info: Option `unicode' set `true' on input line 4045.
Package hyperref Info: Hyper figures OFF on input line 4162.
Package hyperref Info: Link nesting OFF on input line 4167.
Package hyperref Info: Hyper index ON on input line 4170.
Package hyperref Info: Plain pages OFF on input line 4177.
Package hyperref Info: Backreferencing OFF on input line 4182.
Package hyperref Info: Implicit mode ON; LaTeX internals redefined.
Package hyperref Info: Bookmarks ON on input line 4410.
\c@Hy@tempcnt=\count313
(C:\Users\Leobardo\AppData\Local\Programs\MiKTeX\tex/latex/url\url.sty
\Urlmuskip=\muskip17
Package: url 2013/09/16  ver 3.4  Verb mode for urls, etc.
)
LaTeX Info: Redefining \url on input line 4748.
\XeTeXLinkMargin=\dimen269
(C:\Users\Leobardo\AppData\Local\Programs\MiKTeX\tex/generic/bitset\bitset.sty
Package: bitset 2019/12/09 v1.3 Handle bit-vector datatype (HO)

(C:\Users\Leobardo\AppData\Local\Programs\MiKTeX\tex/generic/bigintcalc\bigintc
alc.sty
Package: bigintcalc 2019/12/15 v1.5 Expandable calculations on big integers (HO
)
))
\Fld@menulength=\count314
\Field@Width=\dimen270
\Fld@charsize=\dimen271
Package hyperref Info: Hyper figures OFF on input line 6027.
Package hyperref Info: Link nesting OFF on input line 6032.
Package hyperref Info: Hyper index ON on input line 6035.
Package hyperref Info: backreferencing OFF on input line 6042.
Package hyperref Info: Link coloring OFF on input line 6047.
Package hyperref Info: Link coloring with OCG OFF on input line 6052.
Package hyperref Info: PDF/A mode OFF on input line 6057.

(C:\Users\Leobardo\AppData\Local\Programs\MiKTeX\tex/latex/base\atbegshi-ltx.st
y
Package: atbegshi-ltx 2021/01/10 v1.0c Emulation of the original atbegshi
package with kernel methods
)
\Hy@abspage=\count315
\c@Item=\count316
\c@Hfootnote=\count317
)
Package hyperref Info: Driver (autodetected): hpdftex.

(C:\Users\Leobardo\AppData\Local\Programs\MiKTeX\tex/latex/hyperref\hpdftex.def
File: hpdftex.def 2022-11-13 v7.00u Hyperref driver for pdfTeX

(C:\Users\Leobardo\AppData\Local\Programs\MiKTeX\tex/latex/base\atveryend-ltx.s
ty
Package: atveryend-ltx 2020/08/19 v1.0a Emulation of the original atveryend pac
kage
with kernel methods
)
\Fld@listcount=\count318
\c@bookmark@seq@number=\count319

(C:\Users\Leobardo\AppData\Local\Programs\MiKTeX\tex/latex/rerunfilecheck\rerun
filecheck.sty
Package: rerunfilecheck 2022-07-10 v1.10 Rerun checks for auxiliary files (HO)

(C:\Users\Leobardo\AppData\Local\Programs\MiKTeX\tex/generic/uniquecounter\uniq
uecounter.sty
Package: uniquecounter 2019/12/15 v1.4 Provide unlimited unique counter (HO)
)
Package uniquecounter Info: New unique counter `rerunfilecheck' on input line 2
85.
)
\Hy@SectionHShift=\skip73
)
(C:\Users\Leobardo\AppData\Local\Programs\MiKTeX\tex/latex/bookmark\bkm-pdftex.
def
File: bkm-pdftex.def 2020-11-06 v1.29 bookmark driver for pdfTeX (HO)
\BKM@id=\count320
)) (C:\Users\Leobardo\AppData\Local\Programs\MiKTeX\tex/latex/xurl\xurl.sty
Package: xurl 2022/01/09 v 0.10 modify URL breaks
)
LaTeX Font Info:    Trying to load font information for T1+lmr on input line 13
6.
(C:\Users\Leobardo\AppData\Local\Programs\MiKTeX\tex/latex/lm\t1lmr.fd
File: t1lmr.fd 2015/05/01 v1.6.1 Font defs for Latin Modern
)
(C:\Users\Leobardo\AppData\Local\Programs\MiKTeX\tex/latex/l3backend\l3backend-
pdftex.def
File: l3backend-pdftex.def 2022-10-26 L3 backend support: PDF output (pdfTeX)
\l__color_backend_stack_int=\count321
\l__pdf_internal_box=\box75
) (ProyectoFinal.aux
LaTeX Info: Redefining \. on input line 20.
LaTeX Info: Redefining \% on input line 20.

LaTeX Warning: Label `' multiply defined.

)
\openout1 = `ProyectoFinal.aux'.

LaTeX Font Info:    Checking defaults for OML/cmm/m/it on input line 136.
LaTeX Font Info:    ... okay on input line 136.
LaTeX Font Info:    Checking defaults for OMS/cmsy/m/n on input line 136.
LaTeX Font Info:    ... okay on input line 136.
LaTeX Font Info:    Checking defaults for OT1/cmr/m/n on input line 136.
LaTeX Font Info:    ... okay on input line 136.
LaTeX Font Info:    Checking defaults for T1/cmr/m/n on input line 136.
LaTeX Font Info:    ... okay on input line 136.
LaTeX Font Info:    Checking defaults for TS1/cmr/m/n on input line 136.
LaTeX Font Info:    ... okay on input line 136.
LaTeX Font Info:    Checking defaults for OMX/cmex/m/n on input line 136.
LaTeX Font Info:    ... okay on input line 136.
LaTeX Font Info:    Checking defaults for U/cmr/m/n on input line 136.
LaTeX Font Info:    ... okay on input line 136.
LaTeX Font Info:    Checking defaults for PD1/pdf/m/n on input line 136.
LaTeX Font Info:    ... okay on input line 136.
LaTeX Font Info:    Checking defaults for PU/pdf/m/n on input line 136.
LaTeX Font Info:    ... okay on input line 136.
LaTeX Info: Redefining \microtypecontext on input line 136.
Package microtype Info: Applying patch `item' on input line 136.
Package microtype Info: Applying patch `toc' on input line 136.
Package microtype Info: Applying patch `eqnum' on input line 136.
Package microtype Info: Applying patch `footnote' on input line 136.
Package microtype Info: Generating PDF output.
Package microtype Info: Character protrusion enabled (level 2).
Package microtype Info: Using protrusion set `basicmath'.
Package microtype Info: Automatic font expansion enabled (level 2),
(microtype)             stretch: 20, shrink: 20, step: 1, non-selected.
Package microtype Info: Using default expansion set `alltext-nott'.
LaTeX Info: Redefining \showhyphens on input line 136.
Package microtype Info: No adjustment of tracking.
Package microtype Info: No adjustment of interword spacing.
Package microtype Info: No adjustment of character kerning.

(C:\Users\Leobardo\AppData\Local\Programs\MiKTeX\tex/latex/microtype\mt-cmr.cfg
File: mt-cmr.cfg 2013/05/19 v2.2 microtype config. file: Computer Modern Roman 
(RS)
)
(C:\Users\Leobardo\AppData\Local\Programs\MiKTeX\tex/context/base/mkii\supp-pdf
.mkii
[Loading MPS to PDF converter (version 2006.09.02).]
\scratchcounter=\count322
\scratchdimen=\dimen272
\scratchbox=\box76
\nofMPsegments=\count323
\nofMParguments=\count324
\everyMPshowfont=\toks40
\MPscratchCnt=\count325
\MPscratchDim=\dimen273
\MPnumerator=\count326
\makeMPintoPDFobject=\count327
\everyMPtoPDFconversion=\toks41
)
(C:\Users\Leobardo\AppData\Local\Programs\MiKTeX\tex/latex/epstopdf-pkg\epstopd
f-base.sty
Package: epstopdf-base 2020-01-24 v2.11 Base part for package epstopdf
Package epstopdf-base Info: Redefining graphics rule for `.eps' on input line 4
85.

(C:\Users\Leobardo\AppData\Local\Programs\MiKTeX\tex/latex/00miktex\epstopdf-sy
s.cfg
File: epstopdf-sys.cfg 2021/03/18 v2.0 Configuration of epstopdf for MiKTeX
))
*geometry* driver: auto-detecting
*geometry* detected driver: pdftex
*geometry* verbose mode - [ preamble ] result:
* driver: pdftex
* paper: <default>
* layout: <same size as paper>
* layoutoffset:(h,v)=(0.0pt,0.0pt)
* modes: 
* h-part:(L,W,R)=(72.26999pt, 469.75502pt, 72.26999pt)
* v-part:(T,H,B)=(72.26999pt, 650.43001pt, 72.26999pt)
* \paperwidth=614.295pt
* \paperheight=794.96999pt
* \textwidth=469.75502pt
* \textheight=650.43001pt
* \oddsidemargin=0.0pt
* \evensidemargin=0.0pt
* \topmargin=-37.0pt
* \headheight=12.0pt
* \headsep=25.0pt
* \topskip=10.0pt
* \footskip=30.0pt
* \marginparwidth=65.0pt
* \marginparsep=11.0pt
* \columnsep=10.0pt
* \skip\footins=9.0pt plus 4.0pt minus 2.0pt
* \hoffset=0.0pt
* \voffset=0.0pt
* \mag=1000
* \@twocolumnfalse
* \@twosidefalse
* \@mparswitchfalse
* \@reversemarginfalse
* (1in=72.27pt=25.4mm, 1cm=28.453pt)

Package caption Info: Begin \AtBeginDocument code.
Package caption Info: float package is loaded.
Package caption Info: hyperref package is loaded.
Package caption Info: rotating package is loaded.
Package caption Info: threeparttable package is loaded.
Package caption Info: wrapfig package is loaded.
Package caption Info: End \AtBeginDocument code.
LaTeX Info: Redefining \. on input line 136.
LaTeX Info: Redefining \% on input line 136.
Package hyperref Info: Link coloring OFF on input line 136.
<logoFC_UNAM.png, id=3, 1593.955pt x 400.49625pt>
File: logoFC_UNAM.png Graphic file (type png)
<use logoFC_UNAM.png>
Package pdftex.def Info: logoFC_UNAM.png  used on input line 144.
(pdftex.def)             Requested size: 469.75055pt x 118.02925pt.
Package microtype Info: Character `029' is missing
(microtype)             in font `T1/lmr/m/sc/10'.
(microtype)             Ignoring protrusion settings for this character.
Package microtype Info: Character `029' is missing
(microtype)             in font `T1/lmr/m/sc/12'.
(microtype)             Ignoring protrusion settings for this character.
LaTeX Font Info:    Trying to load font information for OT1+lmr on input line 1
73.
(C:\Users\Leobardo\AppData\Local\Programs\MiKTeX\tex/latex/lm\ot1lmr.fd
File: ot1lmr.fd 2015/05/01 v1.6.1 Font defs for Latin Modern
)
LaTeX Font Info:    Trying to load font information for OML+lmm on input line 1
73.
(C:\Users\Leobardo\AppData\Local\Programs\MiKTeX\tex/latex/lm\omllmm.fd
File: omllmm.fd 2015/05/01 v1.6.1 Font defs for Latin Modern
)
LaTeX Font Info:    Trying to load font information for OMS+lmsy on input line 
173.
(C:\Users\Leobardo\AppData\Local\Programs\MiKTeX\tex/latex/lm\omslmsy.fd
File: omslmsy.fd 2015/05/01 v1.6.1 Font defs for Latin Modern
)
LaTeX Font Info:    Trying to load font information for OMX+lmex on input line 
173.
(C:\Users\Leobardo\AppData\Local\Programs\MiKTeX\tex/latex/lm\omxlmex.fd
File: omxlmex.fd 2015/05/01 v1.6.1 Font defs for Latin Modern
)
LaTeX Font Info:    External font `lmex10' loaded for size
(Font)              <10> on input line 173.
LaTeX Font Info:    External font `lmex10' loaded for size
(Font)              <7> on input line 173.
LaTeX Font Info:    External font `lmex10' loaded for size
(Font)              <5> on input line 173.
LaTeX Font Info:    Trying to load font information for U+msa on input line 173
.
(C:\Users\Leobardo\AppData\Local\Programs\MiKTeX\tex/latex/amsfonts\umsa.fd
File: umsa.fd 2013/01/14 v3.01 AMS symbols A
)
(C:\Users\Leobardo\AppData\Local\Programs\MiKTeX\tex/latex/microtype\mt-msa.cfg
File: mt-msa.cfg 2006/02/04 v1.1 microtype config. file: AMS symbols (a) (RS)
)
LaTeX Font Info:    Trying to load font information for U+msb on input line 173
.
(C:\Users\Leobardo\AppData\Local\Programs\MiKTeX\tex/latex/amsfonts\umsb.fd
File: umsb.fd 2013/01/14 v3.01 AMS symbols B
)
(C:\Users\Leobardo\AppData\Local\Programs\MiKTeX\tex/latex/microtype\mt-msb.cfg
File: mt-msb.cfg 2005/06/01 v1.0 microtype config. file: AMS symbols (b) (RS)
) [1

{C:/Users/Leobardo/AppData/Local/MiKTeX/fonts/map/pdftex/pdftex.map} <./logoFC_
UNAM.png>] (ProyectoFinal.toc
LaTeX Info: Redefining \. on input line 1.
LaTeX Info: Redefining \% on input line 1.
)
\tf@toc=\write3
\openout3 = `ProyectoFinal.toc'.

[1]
LaTeX Font Info:    Trying to load font information for T1+lmtt on input line 3
13.
(C:\Users\Leobardo\AppData\Local\Programs\MiKTeX\tex/latex/lm\t1lmtt.fd
File: t1lmtt.fd 2015/05/01 v1.6.1 Font defs for Latin Modern
)
<ProyectoFinal_files/figure-latex/unnamed-chunk-11-1.pdf, id=32, 578.16pt x 289
.08pt>
File: ProyectoFinal_files/figure-latex/unnamed-chunk-11-1.pdf Graphic file (typ
e pdf)
<use ProyectoFinal_files/figure-latex/unnamed-chunk-11-1.pdf>
Package pdftex.def Info: ProyectoFinal_files/figure-latex/unnamed-chunk-11-1.pd
f  used on input line 327.
(pdftex.def)             Requested size: 469.75385pt x 234.8769pt.
<ProyectoFinal_files/figure-latex/unnamed-chunk-11-2.pdf, id=33, 578.16pt x 289
.08pt>
File: ProyectoFinal_files/figure-latex/unnamed-chunk-11-2.pdf Graphic file (typ
e pdf)
<use ProyectoFinal_files/figure-latex/unnamed-chunk-11-2.pdf>
Package pdftex.def Info: ProyectoFinal_files/figure-latex/unnamed-chunk-11-2.pd
f  used on input line 328.
(pdftex.def)             Requested size: 469.75385pt x 234.8769pt.

Underfull \hbox (badness 10000) in paragraph at lines 327--329
[][]
 []

[2 <./ProyectoFinal_files/figure-latex/unnamed-chunk-11-1.pdf>]
<ProyectoFinal_files/figure-latex/unnamed-chunk-12-1.pdf, id=50, 433.62pt x 144
.54pt>
File: ProyectoFinal_files/figure-latex/unnamed-chunk-12-1.pdf Graphic file (typ
e pdf)
<use ProyectoFinal_files/figure-latex/unnamed-chunk-12-1.pdf>
Package pdftex.def Info: ProyectoFinal_files/figure-latex/unnamed-chunk-12-1.pd
f  used on input line 341.
(pdftex.def)             Requested size: 433.63878pt x 144.54623pt.
<ProyectoFinal_files/figure-latex/unnamed-chunk-13-1.pdf, id=51, 433.62pt x 144
.54pt>
File: ProyectoFinal_files/figure-latex/unnamed-chunk-13-1.pdf Graphic file (typ
e pdf)
<use ProyectoFinal_files/figure-latex/unnamed-chunk-13-1.pdf>
Package pdftex.def Info: ProyectoFinal_files/figure-latex/unnamed-chunk-13-1.pd
f  used on input line 343.
(pdftex.def)             Requested size: 433.63878pt x 144.54623pt.
<ProyectoFinal_files/figure-latex/unnamed-chunk-14-1.pdf, id=52, 433.62pt x 144
.54pt>
File: ProyectoFinal_files/figure-latex/unnamed-chunk-14-1.pdf Graphic file (typ
e pdf)
<use ProyectoFinal_files/figure-latex/unnamed-chunk-14-1.pdf>
Package pdftex.def Info: ProyectoFinal_files/figure-latex/unnamed-chunk-14-1.pd
f  used on input line 345.
(pdftex.def)             Requested size: 433.63878pt x 144.54623pt.
[3 <./ProyectoFinal_files/figure-latex/unnamed-chunk-11-2.pdf> <./ProyectoFinal
_files/figure-latex/unnamed-chunk-12-1.pdf> <./ProyectoFinal_files/figure-latex
/unnamed-chunk-13-1.pdf>]
<ProyectoFinal_files/figure-latex/unnamed-chunk-18-1.pdf, id=75, 433.62pt x 289
.08pt>
File: ProyectoFinal_files/figure-latex/unnamed-chunk-18-1.pdf Graphic file (typ
e pdf)
<use ProyectoFinal_files/figure-latex/unnamed-chunk-18-1.pdf>
Package pdftex.def Info: ProyectoFinal_files/figure-latex/unnamed-chunk-18-1.pd
f  used on input line 357.
(pdftex.def)             Requested size: 433.63878pt x 289.09251pt.
<ProyectoFinal_files/figure-latex/unnamed-chunk-19-1.pdf, id=76, 505.89pt x 310
.15875pt>
File: ProyectoFinal_files/figure-latex/unnamed-chunk-19-1.pdf Graphic file (typ
e pdf)
<use ProyectoFinal_files/figure-latex/unnamed-chunk-19-1.pdf>
Package pdftex.def Info: ProyectoFinal_files/figure-latex/unnamed-chunk-19-1.pd
f  used on input line 367.
(pdftex.def)             Requested size: 469.76265pt x 288.00925pt.
[4 <./ProyectoFinal_files/figure-latex/unnamed-chunk-14-1.pdf> <./ProyectoFinal
_files/figure-latex/unnamed-chunk-18-1.pdf>]
<ProyectoFinal_files/figure-latex/unnamed-chunk-20-1.pdf, id=92, 433.62pt x 172
.645pt>
File: ProyectoFinal_files/figure-latex/unnamed-chunk-20-1.pdf Graphic file (typ
e pdf)
<use ProyectoFinal_files/figure-latex/unnamed-chunk-20-1.pdf>
Package pdftex.def Info: ProyectoFinal_files/figure-latex/unnamed-chunk-20-1.pd
f  used on input line 387.
(pdftex.def)             Requested size: 433.62555pt x 172.64719pt.
[5 <./ProyectoFinal_files/figure-latex/unnamed-chunk-19-1.pdf> <./ProyectoFinal
_files/figure-latex/unnamed-chunk-20-1.pdf>]
<ProyectoFinal_files/figure-latex/unnamed-chunk-21-1.pdf, id=109, 433.62pt x 20
1.75375pt>
File: ProyectoFinal_files/figure-latex/unnamed-chunk-21-1.pdf Graphic file (typ
e pdf)
<use ProyectoFinal_files/figure-latex/unnamed-chunk-21-1.pdf>
Package pdftex.def Info: ProyectoFinal_files/figure-latex/unnamed-chunk-21-1.pd
f  used on input line 393.
(pdftex.def)             Requested size: 433.62555pt x 201.75632pt.
<ProyectoFinal_files/figure-latex/unnamed-chunk-23-1.pdf, id=110, 433.62pt x 25
2.945pt>
File: ProyectoFinal_files/figure-latex/unnamed-chunk-23-1.pdf Graphic file (typ
e pdf)
<use ProyectoFinal_files/figure-latex/unnamed-chunk-23-1.pdf>
Package pdftex.def Info: ProyectoFinal_files/figure-latex/unnamed-chunk-23-1.pd
f  used on input line 404.
(pdftex.def)             Requested size: 433.62555pt x 252.94823pt.
<ProyectoFinal_files/figure-latex/unnamed-chunk-24-1.pdf, id=111, 433.62pt x 20
1.75375pt>
File: ProyectoFinal_files/figure-latex/unnamed-chunk-24-1.pdf Graphic file (typ
e pdf)
<use ProyectoFinal_files/figure-latex/unnamed-chunk-24-1.pdf>
Package pdftex.def Info: ProyectoFinal_files/figure-latex/unnamed-chunk-24-1.pd
f  used on input line 413.
(pdftex.def)             Requested size: 433.62555pt x 201.75632pt.
[6 <./ProyectoFinal_files/figure-latex/unnamed-chunk-21-1.pdf> <./ProyectoFinal
_files/figure-latex/unnamed-chunk-23-1.pdf>]
<ProyectoFinal_files/figure-latex/unnamed-chunk-26-1.pdf, id=130, 433.62pt x 25
2.945pt>
File: ProyectoFinal_files/figure-latex/unnamed-chunk-26-1.pdf Graphic file (typ
e pdf)
<use ProyectoFinal_files/figure-latex/unnamed-chunk-26-1.pdf>
Package pdftex.def Info: ProyectoFinal_files/figure-latex/unnamed-chunk-26-1.pd
f  used on input line 421.
(pdftex.def)             Requested size: 433.62555pt x 252.94823pt.
<ProyectoFinal_files/figure-latex/unnamed-chunk-27-1.pdf, id=131, 433.62pt x 20
1.75375pt>
File: ProyectoFinal_files/figure-latex/unnamed-chunk-27-1.pdf Graphic file (typ
e pdf)
<use ProyectoFinal_files/figure-latex/unnamed-chunk-27-1.pdf>
Package pdftex.def Info: ProyectoFinal_files/figure-latex/unnamed-chunk-27-1.pd
f  used on input line 428.
(pdftex.def)             Requested size: 433.62555pt x 201.75632pt.
[7 <./ProyectoFinal_files/figure-latex/unnamed-chunk-24-1.pdf> <./ProyectoFinal
_files/figure-latex/unnamed-chunk-26-1.pdf>]
<ProyectoFinal_files/figure-latex/unnamed-chunk-29-1.pdf, id=149, 433.62pt x 25
2.945pt>
File: ProyectoFinal_files/figure-latex/unnamed-chunk-29-1.pdf Graphic file (typ
e pdf)
<use ProyectoFinal_files/figure-latex/unnamed-chunk-29-1.pdf>
Package pdftex.def Info: ProyectoFinal_files/figure-latex/unnamed-chunk-29-1.pd
f  used on input line 435.
(pdftex.def)             Requested size: 433.62555pt x 252.94823pt.
<ProyectoFinal_files/figure-latex/unnamed-chunk-30-1.pdf, id=150, 433.62pt x 20
1.75375pt>
File: ProyectoFinal_files/figure-latex/unnamed-chunk-30-1.pdf Graphic file (typ
e pdf)
<use ProyectoFinal_files/figure-latex/unnamed-chunk-30-1.pdf>
Package pdftex.def Info: ProyectoFinal_files/figure-latex/unnamed-chunk-30-1.pd
f  used on input line 440.
(pdftex.def)             Requested size: 433.62555pt x 201.75632pt.
[8 <./ProyectoFinal_files/figure-latex/unnamed-chunk-27-1.pdf> <./ProyectoFinal
_files/figure-latex/unnamed-chunk-29-1.pdf>]
<ProyectoFinal_files/figure-latex/unnamed-chunk-32-1.pdf, id=168, 433.62pt x 25
2.945pt>
File: ProyectoFinal_files/figure-latex/unnamed-chunk-32-1.pdf Graphic file (typ
e pdf)
<use ProyectoFinal_files/figure-latex/unnamed-chunk-32-1.pdf>
Package pdftex.def Info: ProyectoFinal_files/figure-latex/unnamed-chunk-32-1.pd
f  used on input line 447.
(pdftex.def)             Requested size: 433.62555pt x 252.94823pt.
<ProyectoFinal_files/figure-latex/unnamed-chunk-33-1.pdf, id=169, 433.62pt x 20
1.75375pt>
File: ProyectoFinal_files/figure-latex/unnamed-chunk-33-1.pdf Graphic file (typ
e pdf)
<use ProyectoFinal_files/figure-latex/unnamed-chunk-33-1.pdf>
Package pdftex.def Info: ProyectoFinal_files/figure-latex/unnamed-chunk-33-1.pd
f  used on input line 453.
(pdftex.def)             Requested size: 433.62555pt x 201.75632pt.
[9 <./ProyectoFinal_files/figure-latex/unnamed-chunk-30-1.pdf> <./ProyectoFinal
_files/figure-latex/unnamed-chunk-32-1.pdf>]
<ProyectoFinal_files/figure-latex/unnamed-chunk-35-1.pdf, id=187, 433.62pt x 25
2.945pt>
File: ProyectoFinal_files/figure-latex/unnamed-chunk-35-1.pdf Graphic file (typ
e pdf)
<use ProyectoFinal_files/figure-latex/unnamed-chunk-35-1.pdf>
Package pdftex.def Info: ProyectoFinal_files/figure-latex/unnamed-chunk-35-1.pd
f  used on input line 460.
(pdftex.def)             Requested size: 433.62555pt x 252.94823pt.
[10 <./ProyectoFinal_files/figure-latex/unnamed-chunk-33-1.pdf> <./ProyectoFina
l_files/figure-latex/unnamed-chunk-35-1.pdf>]
LaTeX Font Info:    External font `lmex10' loaded for size
(Font)              <8> on input line 485.
LaTeX Font Info:    External font `lmex10' loaded for size
(Font)              <6> on input line 485.
<ProyectoFinal_files/figure-latex/unnamed-chunk-39-1.pdf, id=205, 433.62pt x 25
2.945pt>
File: ProyectoFinal_files/figure-latex/unnamed-chunk-39-1.pdf Graphic file (typ
e pdf)
<use ProyectoFinal_files/figure-latex/unnamed-chunk-39-1.pdf>
Package pdftex.def Info: ProyectoFinal_files/figure-latex/unnamed-chunk-39-1.pd
f  used on input line 547.
(pdftex.def)             Requested size: 433.62555pt x 252.94823pt.
[11]
<ProyectoFinal_files/figure-latex/unnamed-chunk-40-1.pdf, id=217, 433.62pt x 25
2.945pt>
File: ProyectoFinal_files/figure-latex/unnamed-chunk-40-1.pdf Graphic file (typ
e pdf)
<use ProyectoFinal_files/figure-latex/unnamed-chunk-40-1.pdf>
Package pdftex.def Info: ProyectoFinal_files/figure-latex/unnamed-chunk-40-1.pd
f  used on input line 553.
(pdftex.def)             Requested size: 433.62555pt x 252.94823pt.
<ProyectoFinal_files/figure-latex/unnamed-chunk-41-1.pdf, id=218, 433.62pt x 25
2.945pt>
File: ProyectoFinal_files/figure-latex/unnamed-chunk-41-1.pdf Graphic file (typ
e pdf)
<use ProyectoFinal_files/figure-latex/unnamed-chunk-41-1.pdf>
Package pdftex.def Info: ProyectoFinal_files/figure-latex/unnamed-chunk-41-1.pd
f  used on input line 561.
(pdftex.def)             Requested size: 433.62555pt x 252.94823pt.
[12 <./ProyectoFinal_files/figure-latex/unnamed-chunk-39-1.pdf> <./ProyectoFina
l_files/figure-latex/unnamed-chunk-40-1.pdf>]
<ProyectoFinal_files/figure-latex/unnamed-chunk-44-1.pdf, id=236, 433.62pt x 25
2.945pt>
File: ProyectoFinal_files/figure-latex/unnamed-chunk-44-1.pdf Graphic file (typ
e pdf)
<use ProyectoFinal_files/figure-latex/unnamed-chunk-44-1.pdf>
Package pdftex.def Info: ProyectoFinal_files/figure-latex/unnamed-chunk-44-1.pd
f  used on input line 576.
(pdftex.def)             Requested size: 433.62555pt x 252.94823pt.
[13 <./ProyectoFinal_files/figure-latex/unnamed-chunk-41-1.pdf> <./ProyectoFina
l_files/figure-latex/unnamed-chunk-44-1.pdf>] [14]
Underfull \hbox (badness 4036) in paragraph at lines 685--687
[]$[] \OT1/lmr/m/n/10 (+20) = [] =$
 []

[15] [16] (ProyectoFinal.aux
LaTeX Info: Redefining \. on input line 20.
LaTeX Info: Redefining \% on input line 20.
)

LaTeX Warning: There were multiply-defined labels.

 ) 
Here is how much of TeX's memory you used:
 18333 strings out of 476406
 311053 string characters out of 2788151
 1864787 words of memory out of 3000000
 38168 multiletter control sequences out of 15000+600000
 578870 words of font info for 140 fonts, out of 8000000 for 9000
 1141 hyphenation exceptions out of 8191
 74i,11n,81p,1012b,549s stack positions out of 10000i,1000n,20000p,200000b,80000s
{C:/Users/Leobardo/AppData/Local/Programs/MiKTeX/fonts/enc/dvips/lm/lm-ec.enc
}{C:/Users/Leobardo/AppData/Local/Programs/MiKTeX/fonts/enc/dvips/lm/lm-mathsy.
enc}{C:/Users/Leobardo/AppData/Local/Programs/MiKTeX/fonts/enc/dvips/lm/lm-rm.e
nc}{C:/Users/Leobardo/AppData/Local/Programs/MiKTeX/fonts/enc/dvips/lm/lm-mathi
t.enc}<C:/Users/Leobardo/AppData/Local/Programs/MiKTeX/fonts/type1/public/lm/lm
bx10.pfb><C:/Users/Leobardo/AppData/Local/Programs/MiKTeX/fonts/type1/public/lm
/lmbx12.pfb><C:/Users/Leobardo/AppData/Local/Programs/MiKTeX/fonts/type1/public
/lm/lmcsc10.pfb><C:/Users/Leobardo/AppData/Local/Programs/MiKTeX/fonts/type1/pu
blic/lm/lmmi10.pfb><C:/Users/Leobardo/AppData/Local/Programs/MiKTeX/fonts/type1
/public/lm/lmmi5.pfb><C:/Users/Leobardo/AppData/Local/Programs/MiKTeX/fonts/typ
e1/public/lm/lmmi7.pfb><C:/Users/Leobardo/AppData/Local/Programs/MiKTeX/fonts/t
ype1/public/lm/lmmi8.pfb><C:/Users/Leobardo/AppData/Local/Programs/MiKTeX/fonts
/type1/public/lm/lmr10.pfb><C:/Users/Leobardo/AppData/Local/Programs/MiKTeX/fon
ts/type1/public/lm/lmr12.pfb><C:/Users/Leobardo/AppData/Local/Programs/MiKTeX/f
onts/type1/public/lm/lmr5.pfb><C:/Users/Leobardo/AppData/Local/Programs/MiKTeX/
fonts/type1/public/lm/lmr7.pfb><C:/Users/Leobardo/AppData/Local/Programs/MiKTeX
/fonts/type1/public/lm/lmr8.pfb><C:/Users/Leobardo/AppData/Local/Programs/MiKTe
X/fonts/type1/public/lm/lmri10.pfb><C:/Users/Leobardo/AppData/Local/Programs/Mi
KTeX/fonts/type1/public/lm/lmri8.pfb><C:/Users/Leobardo/AppData/Local/Programs/
MiKTeX/fonts/type1/public/lm/lmsy10.pfb><C:/Users/Leobardo/AppData/Local/Progra
ms/MiKTeX/fonts/type1/public/lm/lmsy5.pfb><C:/Users/Leobardo/AppData/Local/Prog
rams/MiKTeX/fonts/type1/public/lm/lmsy6.pfb><C:/Users/Leobardo/AppData/Local/Pr
ograms/MiKTeX/fonts/type1/public/lm/lmsy7.pfb><C:/Users/Leobardo/AppData/Local/
Programs/MiKTeX/fonts/type1/public/lm/lmsy8.pfb><C:/Users/Leobardo/AppData/Loca
l/Programs/MiKTeX/fonts/type1/public/lm/lmtt10.pfb>
Output written on ProyectoFinal.pdf (17 pages, 10429718 bytes).
PDF statistics:
 395 PDF objects out of 1000 (max. 8388607)
 33 named destinations out of 1000 (max. 500000)
 34980 words of extra memory for PDF output out of 35830 (max. 10000000)

